# JRE version: OpenJDK Runtime Environment (11.0.10) (build 11.0.10+0-b96-7249189)
# Java VM: OpenJDK 64-Bit Server VM (11.0.10+0-b96-7249189, mixed mode, tiered, compressed oops, g1 gc, windows-amd64)
Heap:
 garbage-first heap   total 189440K, used 129318K [0x0000000080000000, 0x0000000100000000)
  region size 1024K, 10 young (10240K), 1 survivors (1024K)
 Metaspace       used 122411K, capacity 126267K, committed 126592K, reserved 1159168K
  class space    used 16028K, capacity 17409K, committed 17536K, reserved 1048576K
GC Heap History (20 events):
Event: 958.715 GC heap before
{Heap before GC invocations=72 (full 0):
 garbage-first heap   total 157696K, used 133444K [0x0000000080000000, 0x0000000100000000)
  region size 1024K, 14 young (14336K), 1 survivors (1024K)
 Metaspace       used 114355K, capacity 118030K, committed 118144K, reserved 1150976K
  class space    used 14912K, capacity 16223K, committed 16256K, reserved 1048576K
}
Event: 958.720 GC heap after
{Heap after GC invocations=73 (full 0):
 garbage-first heap   total 157696K, used 121184K [0x0000000080000000, 0x0000000100000000)
  region size 1024K, 2 young (2048K), 2 survivors (2048K)
 Metaspace       used 114355K, capacity 118030K, committed 118144K, reserved 1150976K
  class space    used 14912K, capacity 16223K, committed 16256K, reserved 1048576K
}
Event: 959.218 GC heap before
{Heap before GC invocations=74 (full 0):
 garbage-first heap   total 157696K, used 132448K [0x0000000080000000, 0x0000000100000000)
  region size 1024K, 14 young (14336K), 2 survivors (2048K)
 Metaspace       used 114360K, capacity 118030K, committed 118144K, reserved 1150976K
  class space    used 14912K, capacity 16223K, committed 16256K, reserved 1048576K
}
Event: 959.222 GC heap after
{Heap after GC invocations=75 (full 0):
 garbage-first heap   total 157696K, used 121825K [0x0000000080000000, 0x0000000100000000)
  region size 1024K, 1 young (1024K), 1 survivors (1024K)
 Metaspace       used 114360K, capacity 118030K, committed 118144K, reserved 1150976K
  class space    used 14912K, capacity 16223K, committed 16256K, reserved 1048576K
}
Event: 959.427 GC heap before
{Heap before GC invocations=75 (full 0):
 garbage-first heap   total 157696K, used 126945K [0x0000000080000000, 0x0000000100000000)
  region size 1024K, 7 young (7168K), 1 survivors (1024K)
 Metaspace       used 115028K, capacity 118734K, committed 119040K, reserved 1153024K
  class space    used 14981K, capacity 16310K, committed 16384K, reserved 1048576K
}
Event: 959.435 GC heap after
{Heap after GC invocations=76 (full 0):
 garbage-first heap   total 157696K, used 116328K [0x0000000080000000, 0x0000000100000000)
  region size 1024K, 1 young (1024K), 1 survivors (1024K)
 Metaspace       used 115028K, capacity 118734K, committed 119040K, reserved 1153024K
  class space    used 14981K, capacity 16310K, committed 16384K, reserved 1048576K
}
Event: 959.738 GC heap before
{Heap before GC invocations=76 (full 0):
 garbage-first heap   total 157696K, used 130664K [0x0000000080000000, 0x0000000100000000)
  region size 1024K, 16 young (16384K), 1 survivors (1024K)
 Metaspace       used 117054K, capacity 120750K, committed 120960K, reserved 1153024K
  class space    used 15366K, capacity 16726K, committed 16768K, reserved 1048576K
}
Event: 959.747 GC heap after
{Heap after GC invocations=77 (full 0):
 garbage-first heap   total 157696K, used 117319K [0x0000000080000000, 0x0000000100000000)
  region size 1024K, 2 young (2048K), 2 survivors (2048K)
 Metaspace       used 117054K, capacity 120750K, committed 120960K, reserved 1153024K
  class space    used 15366K, capacity 16726K, committed 16768K, reserved 1048576K
}
Event: 960.023 GC heap before
{Heap before GC invocations=78 (full 0):
 garbage-first heap   total 157696K, used 132679K [0x0000000080000000, 0x0000000100000000)
  region size 1024K, 17 young (17408K), 2 survivors (2048K)
 Metaspace       used 117169K, capacity 120887K, committed 120960K, reserved 1153024K
  class space    used 15370K, capacity 16729K, committed 16768K, reserved 1048576K
}
Event: 960.028 GC heap after
{Heap after GC invocations=79 (full 0):
 garbage-first heap   total 157696K, used 117920K [0x0000000080000000, 0x0000000100000000)
  region size 1024K, 2 young (2048K), 2 survivors (2048K)
 Metaspace       used 117169K, capacity 120887K, committed 120960K, reserved 1153024K
  class space    used 15370K, capacity 16729K, committed 16768K, reserved 1048576K
}
Event: 960.445 GC heap before
{Heap before GC invocations=79 (full 0):
 garbage-first heap   total 157696K, used 122016K [0x0000000080000000, 0x0000000100000000)
  region size 1024K, 7 young (7168K), 2 survivors (2048K)
 Metaspace       used 117790K, capacity 121491K, committed 121600K, reserved 1155072K
  class space    used 15445K, capacity 16823K, committed 16896K, reserved 1048576K
}
Event: 960.457 GC heap after
{Heap after GC invocations=80 (full 0):
 garbage-first heap   total 157696K, used 117711K [0x0000000080000000, 0x0000000100000000)
  region size 1024K, 1 young (1024K), 1 survivors (1024K)
 Metaspace       used 117790K, capacity 121491K, committed 121600K, reserved 1155072K
  class space    used 15445K, capacity 16823K, committed 16896K, reserved 1048576K
}
Event: 961.123 GC heap before
{Heap before GC invocations=80 (full 0):
 garbage-first heap   total 157696K, used 133071K [0x0000000080000000, 0x0000000100000000)
  region size 1024K, 16 young (16384K), 1 survivors (1024K)
 Metaspace       used 119477K, capacity 123333K, committed 123648K, reserved 1155072K
  class space    used 15626K, capacity 17027K, committed 17152K, reserved 1048576K
}
Event: 961.130 GC heap after
{Heap after GC invocations=81 (full 0):
 garbage-first heap   total 157696K, used 119178K [0x0000000080000000, 0x0000000100000000)
  region size 1024K, 2 young (2048K), 2 survivors (2048K)
 Metaspace       used 119477K, capacity 123333K, committed 123648K, reserved 1155072K
  class space    used 15626K, capacity 17027K, committed 17152K, reserved 1048576K
}
Event: 961.526 GC heap before
{Heap before GC invocations=82 (full 0):
 garbage-first heap   total 157696K, used 134538K [0x0000000080000000, 0x0000000100000000)
  region size 1024K, 17 young (17408K), 2 survivors (2048K)
 Metaspace       used 120058K, capacity 123909K, committed 124160K, reserved 1157120K
  class space    used 15719K, capacity 17135K, committed 17152K, reserved 1048576K
}
Event: 961.534 GC heap after
{Heap after GC invocations=83 (full 0):
 garbage-first heap   total 157696K, used 120557K [0x0000000080000000, 0x0000000100000000)
  region size 1024K, 2 young (2048K), 2 survivors (2048K)
 Metaspace       used 120058K, capacity 123909K, committed 124160K, reserved 1157120K
  class space    used 15719K, capacity 17135K, committed 17152K, reserved 1048576K
}
Event: 961.591 GC heap before
{Heap before GC invocations=83 (full 0):
 garbage-first heap   total 157696K, used 125677K [0x0000000080000000, 0x0000000100000000)
  region size 1024K, 7 young (7168K), 2 survivors (2048K)
 Metaspace       used 120340K, capacity 124200K, committed 124544K, reserved 1157120K
  class space    used 15760K, capacity 17168K, committed 17280K, reserved 1048576K
}
Event: 961.597 GC heap after
{Heap after GC invocations=84 (full 0):
 garbage-first heap   total 157696K, used 120558K [0x0000000080000000, 0x0000000100000000)
  region size 1024K, 1 young (1024K), 1 survivors (1024K)
 Metaspace       used 120340K, capacity 124200K, committed 124544K, reserved 1157120K
  class space    used 15760K, capacity 17168K, committed 17280K, reserved 1048576K
}
Event: 962.149 GC heap before
{Heap before GC invocations=84 (full 0):
 garbage-first heap   total 157696K, used 134894K [0x0000000080000000, 0x0000000100000000)
  region size 1024K, 15 young (15360K), 1 survivors (1024K)
 Metaspace       used 122202K, capacity 126084K, committed 126336K, reserved 1159168K
  class space    used 16016K, capacity 17414K, committed 17536K, reserved 1048576K
}
Event: 962.155 GC heap after
{Heap after GC invocations=85 (full 0):
 garbage-first heap   total 189440K, used 121126K [0x0000000080000000, 0x0000000100000000)
  region size 1024K, 1 young (1024K), 1 survivors (1024K)
 Metaspace       used 122202K, capacity 126084K, committed 126336K, reserved 1159168K
  class space    used 16016K, capacity 17414K, committed 17536K, reserved 1048576K
}

